# JRE version: OpenJDK Runtime Environment (15.0.2+7) (build 15.0.2+7-27)
# Java VM: OpenJDK 64-Bit Server VM (15.0.2+7-27, mixed mode, tiered, compressed oops, g1 gc, windows-amd64)
GC Precious Log:
 CPUs: 8 total, 8 available
 Memory: 9960M
 Large Page Support: Disabled
 NUMA Support: Disabled
 Compressed Oops: Enabled (Zero based)
 Heap Region Size: 2M
 Heap Min Capacity: 8M
 Heap Initial Capacity: 156M
 Heap Max Capacity: 2492M
 Pre-touch: Disabled
 Parallel Workers: 8
 Concurrent Workers: 2
 Concurrent Refinement Workers: 8
 Periodic GC: Disabled
Heap:
 garbage-first heap   total 59392K, used 28299K [0x0000000764400000, 0x0000000800000000)
  region size 2048K, 8 young (16384K), 2 survivors (4096K)
 Metaspace       used 47012K, capacity 47372K, committed 47484K, reserved 1091584K
  class space    used 5422K, capacity 5565K, committed 5580K, reserved 1048576K
GC Heap History (20 events):
Event: 1.638 GC heap before
{Heap before GC invocations=4 (full 0):
 garbage-first heap   total 40960K, used 30952K [0x0000000764400000, 0x0000000800000000)
  region size 2048K, 12 young (24576K), 1 survivors (2048K)
 Metaspace       used 25088K, capacity 25371K, committed 25596K, reserved 1073152K
  class space    used 2790K, capacity 2859K, committed 2892K, reserved 1048576K
}
Event: 1.643 GC heap after
{Heap after GC invocations=5 (full 0):
 garbage-first heap   total 40960K, used 9621K [0x0000000764400000, 0x0000000800000000)
  region size 2048K, 2 young (4096K), 2 survivors (4096K)
 Metaspace       used 25088K, capacity 25371K, committed 25596K, reserved 1073152K
  class space    used 2790K, capacity 2859K, committed 2892K, reserved 1048576K
}
Event: 1.652 GC heap before
{Heap before GC invocations=5 (full 0):
 garbage-first heap   total 40960K, used 23957K [0x0000000764400000, 0x0000000800000000)
  region size 2048K, 10 young (20480K), 2 survivors (4096K)
 Metaspace       used 25149K, capacity 25371K, committed 25596K, reserved 1073152K
  class space    used 2801K, capacity 2859K, committed 2892K, reserved 1048576K
}
Event: 1.655 GC heap after
{Heap after GC invocations=6 (full 0):
 garbage-first heap   total 40960K, used 9765K [0x0000000764400000, 0x0000000800000000)
  region size 2048K, 1 young (2048K), 1 survivors (2048K)
 Metaspace       used 25149K, capacity 25371K, committed 25596K, reserved 1073152K
  class space    used 2801K, capacity 2859K, committed 2892K, reserved 1048576K
}
Event: 1.664 GC heap before
{Heap before GC invocations=6 (full 0):
 garbage-first heap   total 40960K, used 24101K [0x0000000764400000, 0x0000000800000000)
  region size 2048K, 9 young (18432K), 1 survivors (2048K)
 Metaspace       used 25234K, capacity 25467K, committed 25724K, reserved 1073152K
  class space    used 2810K, capacity 2891K, committed 3020K, reserved 1048576K
}
Event: 1.666 GC heap after
{Heap after GC invocations=7 (full 0):
 garbage-first heap   total 49152K, used 9818K [0x0000000764400000, 0x0000000800000000)
  region size 2048K, 1 young (2048K), 1 survivors (2048K)
 Metaspace       used 25234K, capacity 25467K, committed 25724K, reserved 1073152K
  class space    used 2810K, capacity 2891K, committed 3020K, reserved 1048576K
}
Event: 2.070 GC heap before
{Heap before GC invocations=7 (full 0):
 garbage-first heap   total 49152K, used 30298K [0x0000000764400000, 0x0000000800000000)
  region size 2048K, 12 young (24576K), 1 survivors (2048K)
 Metaspace       used 28072K, capacity 28336K, committed 28668K, reserved 1075200K
  class space    used 3164K, capacity 3271K, committed 3404K, reserved 1048576K
}
Event: 2.074 GC heap after
{Heap after GC invocations=8 (full 0):
 garbage-first heap   total 49152K, used 10913K [0x0000000764400000, 0x0000000800000000)
  region size 2048K, 2 young (4096K), 2 survivors (4096K)
 Metaspace       used 28072K, capacity 28336K, committed 28668K, reserved 1075200K
  class space    used 3164K, capacity 3271K, committed 3404K, reserved 1048576K
}
Event: 2.679 GC heap before
{Heap before GC invocations=8 (full 0):
 garbage-first heap   total 49152K, used 33441K [0x0000000764400000, 0x0000000800000000)
  region size 2048K, 13 young (26624K), 2 survivors (4096K)
 Metaspace       used 30810K, capacity 31129K, committed 31228K, reserved 1077248K
  class space    used 3528K, capacity 3642K, committed 3660K, reserved 1048576K
}
Event: 2.687 GC heap after
{Heap after GC invocations=9 (full 0):
 garbage-first heap   total 49152K, used 11951K [0x0000000764400000, 0x0000000800000000)
  region size 2048K, 2 young (4096K), 2 survivors (4096K)
 Metaspace       used 30810K, capacity 31129K, committed 31228K, reserved 1077248K
  class space    used 3528K, capacity 3642K, committed 3660K, reserved 1048576K
}
Event: 3.355 GC heap before
{Heap before GC invocations=9 (full 0):
 garbage-first heap   total 49152K, used 32431K [0x0000000764400000, 0x0000000800000000)
  region size 2048K, 12 young (24576K), 2 survivors (4096K)
 Metaspace       used 35041K, capacity 35328K, committed 35452K, reserved 1081344K
  class space    used 4098K, capacity 4201K, committed 4300K, reserved 1048576K
}
Event: 3.363 GC heap after
{Heap after GC invocations=10 (full 0):
 garbage-first heap   total 49152K, used 14047K [0x0000000764400000, 0x0000000800000000)
  region size 2048K, 2 young (4096K), 2 survivors (4096K)
 Metaspace       used 35041K, capacity 35328K, committed 35452K, reserved 1081344K
  class space    used 4098K, capacity 4201K, committed 4300K, reserved 1048576K
}
Event: 3.473 GC heap before
{Heap before GC invocations=10 (full 0):
 garbage-first heap   total 49152K, used 16095K [0x0000000764400000, 0x0000000800000000)
  region size 2048K, 4 young (8192K), 2 survivors (4096K)
 Metaspace       used 35624K, capacity 35916K, committed 35964K, reserved 1081344K
  class space    used 4163K, capacity 4269K, committed 4300K, reserved 1048576K
}
Event: 3.481 GC heap after
{Heap after GC invocations=11 (full 0):
 garbage-first heap   total 49152K, used 14612K [0x0000000764400000, 0x0000000800000000)
  region size 2048K, 1 young (2048K), 1 survivors (2048K)
 Metaspace       used 35624K, capacity 35916K, committed 35964K, reserved 1081344K
  class space    used 4163K, capacity 4269K, committed 4300K, reserved 1048576K
}
Event: 3.688 GC heap before
{Heap before GC invocations=12 (full 0):
 garbage-first heap   total 49152K, used 30996K [0x0000000764400000, 0x0000000800000000)
  region size 2048K, 10 young (20480K), 1 survivors (2048K)
 Metaspace       used 37258K, capacity 37645K, committed 37756K, reserved 1083392K
  class space    used 4318K, capacity 4461K, committed 4556K, reserved 1048576K
}
Event: 3.692 GC heap after
{Heap after GC invocations=13 (full 0):
 garbage-first heap   total 59392K, used 15057K [0x0000000764400000, 0x0000000800000000)
  region size 2048K, 1 young (2048K), 1 survivors (2048K)
 Metaspace       used 37258K, capacity 37645K, committed 37756K, reserved 1083392K
  class space    used 4318K, capacity 4461K, committed 4556K, reserved 1048576K
}
Event: 3.727 GC heap before
{Heap before GC invocations=13 (full 0):
 garbage-first heap   total 59392K, used 39633K [0x0000000764400000, 0x0000000800000000)
  region size 2048K, 14 young (28672K), 1 survivors (2048K)
 Metaspace       used 37267K, capacity 37645K, committed 37756K, reserved 1083392K
  class space    used 4318K, capacity 4461K, committed 4556K, reserved 1048576K
}
Event: 3.729 GC heap after
{Heap after GC invocations=14 (full 0):
 garbage-first heap   total 59392K, used 15040K [0x0000000764400000, 0x0000000800000000)
  region size 2048K, 1 young (2048K), 1 survivors (2048K)
 Metaspace       used 37267K, capacity 37645K, committed 37756K, reserved 1083392K
  class space    used 4318K, capacity 4461K, committed 4556K, reserved 1048576K
}
Event: 4.468 GC heap before
{Heap before GC invocations=14 (full 0):
 garbage-first heap   total 59392K, used 43712K [0x0000000764400000, 0x0000000800000000)
  region size 2048K, 16 young (32768K), 1 survivors (2048K)
 Metaspace       used 45242K, capacity 45597K, committed 45820K, reserved 1089536K
  class space    used 5234K, capacity 5338K, committed 5452K, reserved 1048576K
}
Event: 4.473 GC heap after
{Heap after GC invocations=15 (full 0):
 garbage-first heap   total 59392K, used 18059K [0x0000000764400000, 0x0000000800000000)
  region size 2048K, 2 young (4096K), 2 survivors (4096K)
 Metaspace       used 45242K, capacity 45597K, committed 45820K, reserved 1089536K
  class space    used 5234K, capacity 5338K, committed 5452K, reserved 1048576K
}

