# JRE version: OpenJDK Runtime Environment (15.0.2+7) (build 15.0.2+7-27)
# Java VM: OpenJDK 64-Bit Server VM (15.0.2+7-27, mixed mode, tiered, compressed oops, g1 gc, windows-amd64)
GC Precious Log:
 CPUs: 8 total, 8 available
 Memory: 9960M
 Large Page Support: Disabled
 NUMA Support: Disabled
 Compressed Oops: Enabled (Zero based)
 Heap Region Size: 2M
 Heap Min Capacity: 8M
 Heap Initial Capacity: 156M
 Heap Max Capacity: 2492M
 Pre-touch: Disabled
 Parallel Workers: 8
 Concurrent Workers: 2
 Concurrent Refinement Workers: 8
 Periodic GC: Disabled
Heap:
 garbage-first heap   total 71680K, used 33007K [0x0000000764400000, 0x0000000800000000)
  region size 2048K, 4 young (8192K), 2 survivors (4096K)
 Metaspace       used 74628K, capacity 75288K, committed 75420K, reserved 1116160K
  class space    used 9000K, capacity 9225K, committed 9292K, reserved 1048576K
GC Heap History (20 events):
Event: 5.453 GC heap before
{Heap before GC invocations=15 (full 0):
 garbage-first heap   total 59392K, used 45155K [0x0000000764400000, 0x0000000800000000)
  region size 2048K, 16 young (32768K), 2 survivors (4096K)
 Metaspace       used 47065K, capacity 47448K, committed 47484K, reserved 1091584K
  class space    used 5417K, capacity 5567K, committed 5580K, reserved 1048576K
}
Event: 5.456 GC heap after
{Heap after GC invocations=16 (full 0):
 garbage-first heap   total 59392K, used 18816K [0x0000000764400000, 0x0000000800000000)
  region size 2048K, 2 young (4096K), 2 survivors (4096K)
 Metaspace       used 47065K, capacity 47448K, committed 47484K, reserved 1091584K
  class space    used 5417K, capacity 5567K, committed 5580K, reserved 1048576K
}
Event: 5.625 GC heap before
{Heap before GC invocations=16 (full 0):
 garbage-first heap   total 59392K, used 45440K [0x0000000764400000, 0x0000000800000000)
  region size 2048K, 15 young (30720K), 2 survivors (4096K)
 Metaspace       used 48402K, capacity 48830K, committed 49020K, reserved 1093632K
  class space    used 5627K, capacity 5792K, committed 5836K, reserved 1048576K
}
Event: 5.629 GC heap after
{Heap after GC invocations=17 (full 0):
 garbage-first heap   total 59392K, used 19729K [0x0000000764400000, 0x0000000800000000)
  region size 2048K, 1 young (2048K), 1 survivors (2048K)
 Metaspace       used 48402K, capacity 48830K, committed 49020K, reserved 1093632K
  class space    used 5627K, capacity 5792K, committed 5836K, reserved 1048576K
}
Event: 6.158 GC heap before
{Heap before GC invocations=17 (full 0):
 garbage-first heap   total 59392K, used 44305K [0x0000000764400000, 0x0000000800000000)
  region size 2048K, 13 young (26624K), 1 survivors (2048K)
 Metaspace       used 54023K, capacity 54419K, committed 54524K, reserved 1097728K
  class space    used 6547K, capacity 6692K, committed 6732K, reserved 1048576K
}
Event: 6.161 GC heap after
{Heap after GC invocations=18 (full 0):
 garbage-first heap   total 59392K, used 20901K [0x0000000764400000, 0x0000000800000000)
  region size 2048K, 2 young (4096K), 2 survivors (4096K)
 Metaspace       used 54023K, capacity 54419K, committed 54524K, reserved 1097728K
  class space    used 6547K, capacity 6692K, committed 6732K, reserved 1048576K
}
Event: 6.871 GC heap before
{Heap before GC invocations=18 (full 0):
 garbage-first heap   total 59392K, used 43429K [0x0000000764400000, 0x0000000800000000)
  region size 2048K, 13 young (26624K), 2 survivors (4096K)
 Metaspace       used 59149K, capacity 59607K, committed 59900K, reserved 1101824K
  class space    used 7288K, capacity 7436K, committed 7500K, reserved 1048576K
}
Event: 6.876 GC heap after
{Heap after GC invocations=19 (full 0):
 garbage-first heap   total 59392K, used 21894K [0x0000000764400000, 0x0000000800000000)
  region size 2048K, 2 young (4096K), 2 survivors (4096K)
 Metaspace       used 59149K, capacity 59607K, committed 59900K, reserved 1101824K
  class space    used 7288K, capacity 7436K, committed 7500K, reserved 1048576K
}
Event: 7.029 GC heap before
{Heap before GC invocations=19 (full 0):
 garbage-first heap   total 59392K, used 34182K [0x0000000764400000, 0x0000000800000000)
  region size 2048K, 9 young (18432K), 2 survivors (4096K)
 Metaspace       used 59866K, capacity 60303K, committed 60368K, reserved 1101824K
  class space    used 7336K, capacity 7474K, committed 7500K, reserved 1048576K
}
Event: 7.032 GC heap after
{Heap after GC invocations=20 (full 0):
 garbage-first heap   total 59392K, used 22192K [0x0000000764400000, 0x0000000800000000)
  region size 2048K, 1 young (2048K), 1 survivors (2048K)
 Metaspace       used 59866K, capacity 60303K, committed 60368K, reserved 1101824K
  class space    used 7336K, capacity 7474K, committed 7500K, reserved 1048576K
}
Event: 7.521 GC heap before
{Heap before GC invocations=21 (full 0):
 garbage-first heap   total 59392K, used 46768K [0x0000000764400000, 0x0000000800000000)
  region size 2048K, 13 young (26624K), 1 survivors (2048K)
 Metaspace       used 64349K, capacity 64866K, committed 65052K, reserved 1105920K
  class space    used 7914K, capacity 8092K, committed 8140K, reserved 1048576K
}
Event: 7.525 GC heap after
{Heap after GC invocations=22 (full 0):
 garbage-first heap   total 59392K, used 24308K [0x0000000764400000, 0x0000000800000000)
  region size 2048K, 2 young (4096K), 2 survivors (4096K)
 Metaspace       used 64349K, capacity 64866K, committed 65052K, reserved 1105920K
  class space    used 7914K, capacity 8092K, committed 8140K, reserved 1048576K
}
Event: 8.179 GC heap before
{Heap before GC invocations=22 (full 0):
 garbage-first heap   total 59392K, used 46836K [0x0000000764400000, 0x0000000800000000)
  region size 2048K, 13 young (26624K), 2 survivors (4096K)
 Metaspace       used 66374K, capacity 66957K, committed 67100K, reserved 1107968K
  class space    used 8119K, capacity 8321K, committed 8396K, reserved 1048576K
}
Event: 8.185 GC heap after
{Heap after GC invocations=23 (full 0):
 garbage-first heap   total 59392K, used 26665K [0x0000000764400000, 0x0000000800000000)
  region size 2048K, 2 young (4096K), 2 survivors (4096K)
 Metaspace       used 66374K, capacity 66957K, committed 67100K, reserved 1107968K
  class space    used 8119K, capacity 8321K, committed 8396K, reserved 1048576K
}
Event: 8.636 GC heap before
{Heap before GC invocations=23 (full 0):
 garbage-first heap   total 59392K, used 45097K [0x0000000764400000, 0x0000000800000000)
  region size 2048K, 11 young (22528K), 2 survivors (4096K)
 Metaspace       used 68495K, capacity 69027K, committed 69148K, reserved 1110016K
  class space    used 8388K, capacity 8578K, committed 8652K, reserved 1048576K
}
Event: 8.640 GC heap after
{Heap after GC invocations=24 (full 0):
 garbage-first heap   total 71680K, used 28948K [0x0000000764400000, 0x0000000800000000)
  region size 2048K, 2 young (4096K), 2 survivors (4096K)
 Metaspace       used 68495K, capacity 69027K, committed 69148K, reserved 1110016K
  class space    used 8388K, capacity 8578K, committed 8652K, reserved 1048576K
}
Event: 711.833 GC heap before
{Heap before GC invocations=24 (full 0):
 garbage-first heap   total 71680K, used 51476K [0x0000000764400000, 0x0000000800000000)
  region size 2048K, 14 young (28672K), 2 survivors (4096K)
 Metaspace       used 73475K, capacity 74059K, committed 74268K, reserved 1114112K
  class space    used 8938K, capacity 9142K, committed 9164K, reserved 1048576K
}
Event: 711.837 GC heap after
{Heap after GC invocations=25 (full 0):
 garbage-first heap   total 71680K, used 30553K [0x0000000764400000, 0x0000000800000000)
  region size 2048K, 2 young (4096K), 2 survivors (4096K)
 Metaspace       used 73475K, capacity 74059K, committed 74268K, reserved 1114112K
  class space    used 8938K, capacity 9142K, committed 9164K, reserved 1048576K
}
Event: 1778.169 GC heap before
{Heap before GC invocations=25 (full 0):
 garbage-first heap   total 71680K, used 53081K [0x0000000764400000, 0x0000000800000000)
  region size 2048K, 14 young (28672K), 2 survivors (4096K)
 Metaspace       used 74619K, capacity 75282K, committed 75420K, reserved 1116160K
  class space    used 8999K, capacity 9224K, committed 9292K, reserved 1048576K
}
Event: 1778.174 GC heap after
{Heap after GC invocations=26 (full 0):
 garbage-first heap   total 71680K, used 30959K [0x0000000764400000, 0x0000000800000000)
  region size 2048K, 2 young (4096K), 2 survivors (4096K)
 Metaspace       used 74619K, capacity 75282K, committed 75420K, reserved 1116160K
  class space    used 8999K, capacity 9224K, committed 9292K, reserved 1048576K
}

