# JRE version: OpenJDK Runtime Environment (15.0.2+7) (build 15.0.2+7-27)
# Java VM: OpenJDK 64-Bit Server VM (15.0.2+7-27, mixed mode, tiered, compressed oops, g1 gc, windows-amd64)
GC Precious Log:
 CPUs: 8 total, 8 available
 Memory: 9960M
 Large Page Support: Disabled
 NUMA Support: Disabled
 Compressed Oops: Enabled (Zero based)
 Heap Region Size: 2M
 Heap Min Capacity: 8M
 Heap Initial Capacity: 156M
 Heap Max Capacity: 2492M
 Pre-touch: Disabled
 Parallel Workers: 8
 Concurrent Workers: 2
 Concurrent Refinement Workers: 8
 Periodic GC: Disabled
Heap:
 garbage-first heap   total 83968K, used 19333K [0x0000000764400000, 0x0000000800000000)
  region size 2048K, 4 young (8192K), 2 survivors (4096K)
 Metaspace       used 42178K, capacity 42513K, committed 42572K, reserved 1087488K
  class space    used 4767K, capacity 4883K, committed 4940K, reserved 1048576K
GC Heap History (20 events):
Event: 2.778 GC heap before
{Heap before GC invocations=7 (full 0):
 garbage-first heap   total 49152K, used 30549K [0x0000000764400000, 0x0000000800000000)
  region size 2048K, 12 young (24576K), 1 survivors (2048K)
 Metaspace       used 27922K, capacity 28171K, committed 28288K, reserved 1075200K
  class space    used 3012K, capacity 3086K, committed 3200K, reserved 1048576K
}
Event: 2.783 GC heap after
{Heap after GC invocations=8 (full 0):
 garbage-first heap   total 49152K, used 10510K [0x0000000764400000, 0x0000000800000000)
  region size 2048K, 2 young (4096K), 2 survivors (4096K)
 Metaspace       used 27922K, capacity 28171K, committed 28288K, reserved 1075200K
  class space    used 3012K, capacity 3086K, committed 3200K, reserved 1048576K
}
Event: 2.792 GC heap before
{Heap before GC invocations=8 (full 0):
 garbage-first heap   total 49152K, used 30990K [0x0000000764400000, 0x0000000800000000)
  region size 2048K, 13 young (26624K), 2 survivors (4096K)
 Metaspace       used 27972K, capacity 28235K, committed 28544K, reserved 1075200K
  class space    used 3015K, capacity 3086K, committed 3200K, reserved 1048576K
}
Event: 2.796 GC heap after
{Heap after GC invocations=9 (full 0):
 garbage-first heap   total 49152K, used 10602K [0x0000000764400000, 0x0000000800000000)
  region size 2048K, 1 young (2048K), 1 survivors (2048K)
 Metaspace       used 27972K, capacity 28235K, committed 28544K, reserved 1075200K
  class space    used 3015K, capacity 3086K, committed 3200K, reserved 1048576K
}
Event: 2.854 GC heap before
{Heap before GC invocations=9 (full 0):
 garbage-first heap   total 49152K, used 31082K [0x0000000764400000, 0x0000000800000000)
  region size 2048K, 12 young (24576K), 1 survivors (2048K)
 Metaspace       used 28893K, capacity 29099K, committed 29312K, reserved 1075200K
  class space    used 3103K, capacity 3182K, committed 3200K, reserved 1048576K
}
Event: 2.857 GC heap after
{Heap after GC invocations=10 (full 0):
 garbage-first heap   total 49152K, used 10751K [0x0000000764400000, 0x0000000800000000)
  region size 2048K, 1 young (2048K), 1 survivors (2048K)
 Metaspace       used 28893K, capacity 29099K, committed 29312K, reserved 1075200K
  class space    used 3103K, capacity 3182K, committed 3200K, reserved 1048576K
}
Event: 3.180 GC heap before
{Heap before GC invocations=10 (full 0):
 garbage-first heap   total 49152K, used 35327K [0x0000000764400000, 0x0000000800000000)
  region size 2048K, 13 young (26624K), 1 survivors (2048K)
 Metaspace       used 30580K, capacity 30801K, committed 30848K, reserved 1077248K
  class space    used 3348K, capacity 3430K, committed 3456K, reserved 1048576K
}
Event: 3.186 GC heap after
{Heap after GC invocations=11 (full 0):
 garbage-first heap   total 49152K, used 11498K [0x0000000764400000, 0x0000000800000000)
  region size 2048K, 2 young (4096K), 2 survivors (4096K)
 Metaspace       used 30580K, capacity 30801K, committed 30848K, reserved 1077248K
  class space    used 3348K, capacity 3430K, committed 3456K, reserved 1048576K
}
Event: 3.613 GC heap before
{Heap before GC invocations=11 (full 0):
 garbage-first heap   total 49152K, used 31978K [0x0000000764400000, 0x0000000800000000)
  region size 2048K, 13 young (26624K), 2 survivors (4096K)
 Metaspace       used 32053K, capacity 32361K, committed 32640K, reserved 1079296K
  class space    used 3520K, capacity 3602K, committed 3712K, reserved 1048576K
}
Event: 3.621 GC heap after
{Heap after GC invocations=12 (full 0):
 garbage-first heap   total 59392K, used 11976K [0x0000000764400000, 0x0000000800000000)
  region size 2048K, 2 young (4096K), 2 survivors (4096K)
 Metaspace       used 32053K, capacity 32361K, committed 32640K, reserved 1079296K
  class space    used 3520K, capacity 3602K, committed 3712K, reserved 1048576K
}
Event: 4.357 GC heap before
{Heap before GC invocations=12 (full 0):
 garbage-first heap   total 59392K, used 42696K [0x0000000764400000, 0x0000000800000000)
  region size 2048K, 17 young (34816K), 2 survivors (4096K)
 Metaspace       used 34262K, capacity 34576K, committed 34688K, reserved 1079296K
  class space    used 3827K, capacity 3932K, committed 3968K, reserved 1048576K
}
Event: 4.366 GC heap after
{Heap after GC invocations=13 (full 0):
 garbage-first heap   total 59392K, used 13149K [0x0000000764400000, 0x0000000800000000)
  region size 2048K, 2 young (4096K), 2 survivors (4096K)
 Metaspace       used 34262K, capacity 34576K, committed 34688K, reserved 1079296K
  class space    used 3827K, capacity 3932K, committed 3968K, reserved 1048576K
}
Event: 4.721 GC heap before
{Heap before GC invocations=13 (full 0):
 garbage-first heap   total 59392K, used 25437K [0x0000000764400000, 0x0000000800000000)
  region size 2048K, 9 young (18432K), 2 survivors (4096K)
 Metaspace       used 35572K, capacity 35838K, committed 35840K, reserved 1081344K
  class space    used 3993K, capacity 4096K, committed 4096K, reserved 1048576K
}
Event: 4.734 GC heap after
{Heap after GC invocations=14 (full 0):
 garbage-first heap   total 59392K, used 13950K [0x0000000764400000, 0x0000000800000000)
  region size 2048K, 2 young (4096K), 2 survivors (4096K)
 Metaspace       used 35572K, capacity 35838K, committed 35840K, reserved 1081344K
  class space    used 3993K, capacity 4096K, committed 4096K, reserved 1048576K
}
Event: 5.621 GC heap before
{Heap before GC invocations=15 (full 0):
 garbage-first heap   total 59392K, used 44670K [0x0000000764400000, 0x0000000800000000)
  region size 2048K, 17 young (34816K), 2 survivors (4096K)
 Metaspace       used 38750K, capacity 39170K, committed 39500K, reserved 1083392K
  class space    used 4403K, capacity 4559K, committed 4684K, reserved 1048576K
}
Event: 5.636 GC heap after
{Heap after GC invocations=16 (full 0):
 garbage-first heap   total 59392K, used 15381K [0x0000000764400000, 0x0000000800000000)
  region size 2048K, 3 young (6144K), 3 survivors (6144K)
 Metaspace       used 38750K, capacity 39170K, committed 39500K, reserved 1083392K
  class space    used 4403K, capacity 4559K, committed 4684K, reserved 1048576K
}
Event: 5.808 GC heap before
{Heap before GC invocations=16 (full 0):
 garbage-first heap   total 59392K, used 39957K [0x0000000764400000, 0x0000000800000000)
  region size 2048K, 16 young (32768K), 3 survivors (6144K)
 Metaspace       used 39734K, capacity 40066K, committed 40268K, reserved 1085440K
  class space    used 4491K, capacity 4623K, committed 4684K, reserved 1048576K
}
Event: 5.825 GC heap after
{Heap after GC invocations=17 (full 0):
 garbage-first heap   total 83968K, used 16361K [0x0000000764400000, 0x0000000800000000)
  region size 2048K, 2 young (4096K), 2 survivors (4096K)
 Metaspace       used 39734K, capacity 40066K, committed 40268K, reserved 1085440K
  class space    used 4491K, capacity 4623K, committed 4684K, reserved 1048576K
}
Event: 6.470 GC heap before
{Heap before GC invocations=17 (full 0):
 garbage-first heap   total 83968K, used 59369K [0x0000000764400000, 0x0000000800000000)
  region size 2048K, 24 young (49152K), 2 survivors (4096K)
 Metaspace       used 41719K, capacity 42033K, committed 42316K, reserved 1087488K
  class space    used 4735K, capacity 4851K, committed 4940K, reserved 1048576K
}
Event: 6.476 GC heap after
{Heap after GC invocations=18 (full 0):
 garbage-first heap   total 83968K, used 17285K [0x0000000764400000, 0x0000000800000000)
  region size 2048K, 2 young (4096K), 2 survivors (4096K)
 Metaspace       used 41719K, capacity 42033K, committed 42316K, reserved 1087488K
  class space    used 4735K, capacity 4851K, committed 4940K, reserved 1048576K
}

