# JRE version: OpenJDK Runtime Environment (15.0.2+7) (build 15.0.2+7-27)
# Java VM: OpenJDK 64-Bit Server VM (15.0.2+7-27, mixed mode, tiered, compressed oops, g1 gc, windows-amd64)
GC Precious Log:
 CPUs: 8 total, 8 available
 Memory: 9960M
 Large Page Support: Disabled
 NUMA Support: Disabled
 Compressed Oops: Enabled (Zero based)
 Heap Region Size: 2M
 Heap Min Capacity: 8M
 Heap Initial Capacity: 156M
 Heap Max Capacity: 2492M
 Pre-touch: Disabled
 Parallel Workers: 8
 Concurrent Workers: 2
 Concurrent Refinement Workers: 8
 Periodic GC: Disabled
Heap:
 garbage-first heap   total 71680K, used 37942K [0x0000000764400000, 0x0000000800000000)
  region size 2048K, 9 young (18432K), 2 survivors (4096K)
 Metaspace       used 72955K, capacity 73490K, committed 73640K, reserved 1114112K
  class space    used 8931K, capacity 9109K, committed 9208K, reserved 1048576K
GC Heap History (20 events):
Event: 2.871 GC heap before
{Heap before GC invocations=9 (full 0):
 garbage-first heap   total 49152K, used 26594K [0x0000000764400000, 0x0000000800000000)
  region size 2048K, 10 young (20480K), 2 survivors (4096K)
 Metaspace       used 35596K, capacity 35949K, committed 36048K, reserved 1081344K
  class space    used 4160K, capacity 4301K, committed 4384K, reserved 1048576K
}
Event: 2.879 GC heap after
{Heap after GC invocations=10 (full 0):
 garbage-first heap   total 49152K, used 14162K [0x0000000764400000, 0x0000000800000000)
  region size 2048K, 2 young (4096K), 2 survivors (4096K)
 Metaspace       used 35596K, capacity 35949K, committed 36048K, reserved 1081344K
  class space    used 4160K, capacity 4301K, committed 4384K, reserved 1048576K
}
Event: 3.053 GC heap before
{Heap before GC invocations=11 (full 0):
 garbage-first heap   total 49152K, used 32594K [0x0000000764400000, 0x0000000800000000)
  region size 2048K, 12 young (24576K), 2 survivors (4096K)
 Metaspace       used 37140K, capacity 37517K, committed 37712K, reserved 1083392K
  class space    used 4306K, capacity 4461K, committed 4512K, reserved 1048576K
}
Event: 3.066 GC heap after
{Heap after GC invocations=12 (full 0):
 garbage-first heap   total 59392K, used 14821K [0x0000000764400000, 0x0000000800000000)
  region size 2048K, 2 young (4096K), 2 survivors (4096K)
 Metaspace       used 37140K, capacity 37517K, committed 37712K, reserved 1083392K
  class space    used 4306K, capacity 4461K, committed 4512K, reserved 1048576K
}
Event: 3.154 GC heap before
{Heap before GC invocations=12 (full 0):
 garbage-first heap   total 59392K, used 39397K [0x0000000764400000, 0x0000000800000000)
  region size 2048K, 15 young (30720K), 2 survivors (4096K)
 Metaspace       used 37413K, capacity 37773K, committed 37968K, reserved 1083392K
  class space    used 4333K, capacity 4461K, committed 4512K, reserved 1048576K
}
Event: 3.159 GC heap after
{Heap after GC invocations=13 (full 0):
 garbage-first heap   total 59392K, used 15167K [0x0000000764400000, 0x0000000800000000)
  region size 2048K, 1 young (2048K), 1 survivors (2048K)
 Metaspace       used 37413K, capacity 37773K, committed 37968K, reserved 1083392K
  class space    used 4333K, capacity 4461K, committed 4512K, reserved 1048576K
}
Event: 4.053 GC heap before
{Heap before GC invocations=13 (full 0):
 garbage-first heap   total 59392K, used 43839K [0x0000000764400000, 0x0000000800000000)
  region size 2048K, 16 young (32768K), 1 survivors (2048K)
 Metaspace       used 45686K, capacity 46022K, committed 46160K, reserved 1089536K
  class space    used 5290K, capacity 5436K, committed 5536K, reserved 1048576K
}
Event: 4.059 GC heap after
{Heap after GC invocations=14 (full 0):
 garbage-first heap   total 59392K, used 18091K [0x0000000764400000, 0x0000000800000000)
  region size 2048K, 2 young (4096K), 2 survivors (4096K)
 Metaspace       used 45686K, capacity 46022K, committed 46160K, reserved 1089536K
  class space    used 5290K, capacity 5436K, committed 5536K, reserved 1048576K
}
Event: 4.425 GC heap before
{Heap before GC invocations=14 (full 0):
 garbage-first heap   total 59392K, used 44715K [0x0000000764400000, 0x0000000800000000)
  region size 2048K, 15 young (30720K), 2 survivors (4096K)
 Metaspace       used 47589K, capacity 48018K, committed 48208K, reserved 1091584K
  class space    used 5515K, capacity 5694K, committed 5792K, reserved 1048576K
}
Event: 4.430 GC heap after
{Heap after GC invocations=15 (full 0):
 garbage-first heap   total 59392K, used 18954K [0x0000000764400000, 0x0000000800000000)
  region size 2048K, 1 young (2048K), 1 survivors (2048K)
 Metaspace       used 47589K, capacity 48018K, committed 48208K, reserved 1091584K
  class space    used 5515K, capacity 5694K, committed 5792K, reserved 1048576K
}
Event: 4.889 GC heap before
{Heap before GC invocations=15 (full 0):
 garbage-first heap   total 59392K, used 43530K [0x0000000764400000, 0x0000000800000000)
  region size 2048K, 13 young (26624K), 1 survivors (2048K)
 Metaspace       used 50504K, capacity 50977K, committed 51280K, reserved 1093632K
  class space    used 6040K, capacity 6209K, committed 6304K, reserved 1048576K
}
Event: 4.891 GC heap after
{Heap after GC invocations=16 (full 0):
 garbage-first heap   total 71680K, used 19406K [0x0000000764400000, 0x0000000800000000)
  region size 2048K, 1 young (2048K), 1 survivors (2048K)
 Metaspace       used 50504K, capacity 50977K, committed 51280K, reserved 1093632K
  class space    used 6040K, capacity 6209K, committed 6304K, reserved 1048576K
}
Event: 5.674 GC heap before
{Heap before GC invocations=16 (full 0):
 garbage-first heap   total 71680K, used 54222K [0x0000000764400000, 0x0000000800000000)
  region size 2048K, 18 young (36864K), 1 survivors (2048K)
 Metaspace       used 58898K, capacity 59339K, committed 59600K, reserved 1101824K
  class space    used 7269K, capacity 7434K, committed 7456K, reserved 1048576K
}
Event: 5.677 GC heap after
{Heap after GC invocations=17 (full 0):
 garbage-first heap   total 71680K, used 21363K [0x0000000764400000, 0x0000000800000000)
  region size 2048K, 2 young (4096K), 2 survivors (4096K)
 Metaspace       used 58898K, capacity 59339K, committed 59600K, reserved 1101824K
  class space    used 7269K, capacity 7434K, committed 7456K, reserved 1048576K
}
Event: 5.881 GC heap before
{Heap before GC invocations=17 (full 0):
 garbage-first heap   total 71680K, used 35699K [0x0000000764400000, 0x0000000800000000)
  region size 2048K, 10 young (20480K), 2 survivors (4096K)
 Metaspace       used 60057K, capacity 60463K, committed 60496K, reserved 1101824K
  class space    used 7383K, capacity 7571K, committed 7584K, reserved 1048576K
}
Event: 5.885 GC heap after
{Heap after GC invocations=18 (full 0):
 garbage-first heap   total 71680K, used 21862K [0x0000000764400000, 0x0000000800000000)
  region size 2048K, 2 young (4096K), 2 survivors (4096K)
 Metaspace       used 60057K, capacity 60463K, committed 60496K, reserved 1101824K
  class space    used 7383K, capacity 7571K, committed 7584K, reserved 1048576K
}
Event: 6.553 GC heap before
{Heap before GC invocations=19 (full 0):
 garbage-first heap   total 71680K, used 52582K [0x0000000764400000, 0x0000000800000000)
  region size 2048K, 18 young (36864K), 2 survivors (4096K)
 Metaspace       used 65061K, capacity 65518K, committed 65704K, reserved 1107968K
  class space    used 7996K, capacity 8159K, committed 8184K, reserved 1048576K
}
Event: 6.558 GC heap after
{Heap after GC invocations=20 (full 0):
 garbage-first heap   total 71680K, used 24817K [0x0000000764400000, 0x0000000800000000)
  region size 2048K, 3 young (6144K), 3 survivors (6144K)
 Metaspace       used 65061K, capacity 65518K, committed 65704K, reserved 1107968K
  class space    used 7996K, capacity 8159K, committed 8184K, reserved 1048576K
}
Event: 158.409 GC heap before
{Heap before GC invocations=20 (full 0):
 garbage-first heap   total 71680K, used 55537K [0x0000000764400000, 0x0000000800000000)
  region size 2048K, 18 young (36864K), 3 survivors (6144K)
 Metaspace       used 68871K, capacity 69442K, committed 69672K, reserved 1110016K
  class space    used 8467K, capacity 8683K, committed 8824K, reserved 1048576K
}
Event: 158.416 GC heap after
{Heap after GC invocations=21 (full 0):
 garbage-first heap   total 71680K, used 27702K [0x0000000764400000, 0x0000000800000000)
  region size 2048K, 2 young (4096K), 2 survivors (4096K)
 Metaspace       used 68871K, capacity 69442K, committed 69672K, reserved 1110016K
  class space    used 8467K, capacity 8683K, committed 8824K, reserved 1048576K
}

