# JRE version: OpenJDK Runtime Environment (15.0.2+7) (build 15.0.2+7-27)
# Java VM: OpenJDK 64-Bit Server VM (15.0.2+7-27, mixed mode, tiered, compressed oops, g1 gc, windows-amd64)
GC Precious Log:
 CPUs: 8 total, 8 available
 Memory: 9960M
 Large Page Support: Disabled
 NUMA Support: Disabled
 Compressed Oops: Enabled (Zero based)
 Heap Region Size: 2M
 Heap Min Capacity: 8M
 Heap Initial Capacity: 156M
 Heap Max Capacity: 2492M
 Pre-touch: Disabled
 Parallel Workers: 8
 Concurrent Workers: 2
 Concurrent Refinement Workers: 8
 Periodic GC: Disabled
Heap:
 garbage-first heap   total 67584K, used 17265K [0x0000000764400000, 0x0000000800000000)
  region size 2048K, 3 young (6144K), 1 survivors (2048K)
 Metaspace       used 38877K, capacity 39293K, committed 39548K, reserved 1083392K
  class space    used 4527K, capacity 4689K, committed 4812K, reserved 1048576K
GC Heap History (20 events):
Event: 1.067 GC heap before
{Heap before GC invocations=1 (full 0):
 garbage-first heap   total 159744K, used 29009K [0x0000000764400000, 0x0000000800000000)
  region size 2048K, 13 young (26624K), 2 survivors (4096K)
 Metaspace       used 20150K, capacity 20350K, committed 20480K, reserved 1067008K
  class space    used 2238K, capacity 2298K, committed 2304K, reserved 1048576K
}
Event: 1.072 GC heap after
{Heap after GC invocations=2 (full 0):
 garbage-first heap   total 159744K, used 8201K [0x0000000764400000, 0x0000000800000000)
  region size 2048K, 1 young (2048K), 1 survivors (2048K)
 Metaspace       used 20150K, capacity 20350K, committed 20480K, reserved 1067008K
  class space    used 2238K, capacity 2298K, committed 2304K, reserved 1048576K
}
Event: 1.102 GC heap before
{Heap before GC invocations=2 (full 0):
 garbage-first heap   total 159744K, used 10249K [0x0000000764400000, 0x0000000800000000)
  region size 2048K, 3 young (6144K), 1 survivors (2048K)
 Metaspace       used 20951K, capacity 21182K, committed 21296K, reserved 1069056K
  class space    used 2361K, capacity 2426K, committed 2432K, reserved 1048576K
}
Event: 1.105 GC heap after
{Heap after GC invocations=3 (full 0):
 garbage-first heap   total 159744K, used 8369K [0x0000000764400000, 0x0000000800000000)
  region size 2048K, 1 young (2048K), 1 survivors (2048K)
 Metaspace       used 20951K, capacity 21182K, committed 21296K, reserved 1069056K
  class space    used 2361K, capacity 2426K, committed 2432K, reserved 1048576K
}
Event: 1.357 GC heap before
{Heap before GC invocations=4 (full 0):
 garbage-first heap   total 40960K, used 37041K [0x0000000764400000, 0x0000000800000000)
  region size 2048K, 16 young (32768K), 1 survivors (2048K)
 Metaspace       used 25234K, capacity 25467K, committed 25724K, reserved 1073152K
  class space    used 2809K, capacity 2891K, committed 3020K, reserved 1048576K
}
Event: 1.361 GC heap after
{Heap after GC invocations=5 (full 0):
 garbage-first heap   total 45056K, used 9698K [0x0000000764400000, 0x0000000800000000)
  region size 2048K, 2 young (4096K), 2 survivors (4096K)
 Metaspace       used 25234K, capacity 25467K, committed 25724K, reserved 1073152K
  class space    used 2809K, capacity 2891K, committed 3020K, reserved 1048576K
}
Event: 1.368 GC heap before
{Heap before GC invocations=5 (full 0):
 garbage-first heap   total 45056K, used 24034K [0x0000000764400000, 0x0000000800000000)
  region size 2048K, 10 young (20480K), 2 survivors (4096K)
 Metaspace       used 25393K, capacity 25659K, committed 25980K, reserved 1073152K
  class space    used 2820K, capacity 2891K, committed 3020K, reserved 1048576K
}
Event: 1.371 GC heap after
{Heap after GC invocations=6 (full 0):
 garbage-first heap   total 45056K, used 9821K [0x0000000764400000, 0x0000000800000000)
  region size 2048K, 1 young (2048K), 1 survivors (2048K)
 Metaspace       used 25393K, capacity 25659K, committed 25980K, reserved 1073152K
  class space    used 2820K, capacity 2891K, committed 3020K, reserved 1048576K
}
Event: 1.419 GC heap before
{Heap before GC invocations=6 (full 0):
 garbage-first heap   total 45056K, used 26205K [0x0000000764400000, 0x0000000800000000)
  region size 2048K, 10 young (20480K), 1 survivors (2048K)
 Metaspace       used 26671K, capacity 26943K, committed 27132K, reserved 1073152K
  class space    used 2969K, capacity 3023K, committed 3148K, reserved 1048576K
}
Event: 1.422 GC heap after
{Heap after GC invocations=7 (full 0):
 garbage-first heap   total 55296K, used 10219K [0x0000000764400000, 0x0000000800000000)
  region size 2048K, 2 young (4096K), 2 survivors (4096K)
 Metaspace       used 26671K, capacity 26943K, committed 27132K, reserved 1073152K
  class space    used 2969K, capacity 3023K, committed 3148K, reserved 1048576K
}
Event: 1.964 GC heap before
{Heap before GC invocations=7 (full 0):
 garbage-first heap   total 55296K, used 36843K [0x0000000764400000, 0x0000000800000000)
  region size 2048K, 15 young (30720K), 2 survivors (4096K)
 Metaspace       used 29771K, capacity 30066K, committed 30332K, reserved 1077248K
  class space    used 3375K, capacity 3480K, committed 3532K, reserved 1048576K
}
Event: 1.968 GC heap after
{Heap after GC invocations=8 (full 0):
 garbage-first heap   total 55296K, used 11206K [0x0000000764400000, 0x0000000800000000)
  region size 2048K, 2 young (4096K), 2 survivors (4096K)
 Metaspace       used 29771K, capacity 30066K, committed 30332K, reserved 1077248K
  class space    used 3375K, capacity 3480K, committed 3532K, reserved 1048576K
}
Event: 2.668 GC heap before
{Heap before GC invocations=8 (full 0):
 garbage-first heap   total 55296K, used 37830K [0x0000000764400000, 0x0000000800000000)
  region size 2048K, 15 young (30720K), 2 survivors (4096K)
 Metaspace       used 34390K, capacity 34752K, committed 34812K, reserved 1079296K
  class space    used 4020K, capacity 4137K, committed 4172K, reserved 1048576K
}
Event: 2.682 GC heap after
{Heap after GC invocations=9 (full 0):
 garbage-first heap   total 55296K, used 13404K [0x0000000764400000, 0x0000000800000000)
  region size 2048K, 2 young (4096K), 2 survivors (4096K)
 Metaspace       used 34390K, capacity 34752K, committed 34812K, reserved 1079296K
  class space    used 4020K, capacity 4137K, committed 4172K, reserved 1048576K
}
Event: 2.858 GC heap before
{Heap before GC invocations=9 (full 0):
 garbage-first heap   total 55296K, used 17500K [0x0000000764400000, 0x0000000800000000)
  region size 2048K, 5 young (10240K), 2 survivors (4096K)
 Metaspace       used 35626K, capacity 35916K, committed 35964K, reserved 1081344K
  class space    used 4164K, capacity 4269K, committed 4300K, reserved 1048576K
}
Event: 2.867 GC heap after
{Heap after GC invocations=10 (full 0):
 garbage-first heap   total 55296K, used 14043K [0x0000000764400000, 0x0000000800000000)
  region size 2048K, 1 young (2048K), 1 survivors (2048K)
 Metaspace       used 35626K, capacity 35916K, committed 35964K, reserved 1081344K
  class space    used 4164K, capacity 4269K, committed 4300K, reserved 1048576K
}
Event: 3.036 GC heap before
{Heap before GC invocations=11 (full 0):
 garbage-first heap   total 55296K, used 34523K [0x0000000764400000, 0x0000000800000000)
  region size 2048K, 12 young (24576K), 1 survivors (2048K)
 Metaspace       used 37262K, capacity 37645K, committed 37756K, reserved 1083392K
  class space    used 4318K, capacity 4461K, committed 4556K, reserved 1048576K
}
Event: 3.041 GC heap after
{Heap after GC invocations=12 (full 0):
 garbage-first heap   total 67584K, used 14893K [0x0000000764400000, 0x0000000800000000)
  region size 2048K, 1 young (2048K), 1 survivors (2048K)
 Metaspace       used 37262K, capacity 37645K, committed 37756K, reserved 1083392K
  class space    used 4318K, capacity 4461K, committed 4556K, reserved 1048576K
}
Event: 3.261 GC heap before
{Heap before GC invocations=12 (full 0):
 garbage-first heap   total 67584K, used 45613K [0x0000000764400000, 0x0000000800000000)
  region size 2048K, 17 young (34816K), 1 survivors (2048K)
 Metaspace       used 38506K, capacity 38969K, committed 39164K, reserved 1083392K
  class space    used 4468K, capacity 4624K, committed 4684K, reserved 1048576K
}
Event: 3.263 GC heap after
{Heap after GC invocations=13 (full 0):
 garbage-first heap   total 67584K, used 15217K [0x0000000764400000, 0x0000000800000000)
  region size 2048K, 1 young (2048K), 1 survivors (2048K)
 Metaspace       used 38506K, capacity 38969K, committed 39164K, reserved 1083392K
  class space    used 4468K, capacity 4624K, committed 4684K, reserved 1048576K
}

