# JRE version: OpenJDK Runtime Environment (15.0.2+7) (build 15.0.2+7-27)
# Java VM: OpenJDK 64-Bit Server VM (15.0.2+7-27, mixed mode, tiered, compressed oops, g1 gc, windows-amd64)
GC Precious Log:
 CPUs: 8 total, 8 available
 Memory: 9960M
 Large Page Support: Disabled
 NUMA Support: Disabled
 Compressed Oops: Enabled (Zero based)
 Heap Region Size: 2M
 Heap Min Capacity: 8M
 Heap Initial Capacity: 156M
 Heap Max Capacity: 2492M
 Pre-touch: Disabled
 Parallel Workers: 8
 Concurrent Workers: 2
 Concurrent Refinement Workers: 8
 Periodic GC: Disabled
Heap:
 garbage-first heap   total 61440K, used 20412K [0x0000000764400000, 0x0000000800000000)
  region size 2048K, 2 young (4096K), 1 survivors (2048K)
 Metaspace       used 53790K, capacity 54209K, committed 54268K, reserved 1097728K
  class space    used 6525K, capacity 6689K, committed 6732K, reserved 1048576K
GC Heap History (20 events):
Event: 2.664 GC heap before
{Heap before GC invocations=6 (full 0):
 garbage-first heap   total 40960K, used 24095K [0x0000000764400000, 0x0000000800000000)
  region size 2048K, 9 young (18432K), 1 survivors (2048K)
 Metaspace       used 26539K, capacity 26798K, committed 27132K, reserved 1073152K
  class space    used 2989K, capacity 3060K, committed 3148K, reserved 1048576K
}
Event: 2.666 GC heap after
{Heap after GC invocations=7 (full 0):
 garbage-first heap   total 40960K, used 9788K [0x0000000764400000, 0x0000000800000000)
  region size 2048K, 1 young (2048K), 1 survivors (2048K)
 Metaspace       used 26539K, capacity 26798K, committed 27132K, reserved 1073152K
  class space    used 2989K, capacity 3060K, committed 3148K, reserved 1048576K
}
Event: 2.867 GC heap before
{Heap before GC invocations=7 (full 0):
 garbage-first heap   total 40960K, used 26172K [0x0000000764400000, 0x0000000800000000)
  region size 2048K, 10 young (20480K), 1 survivors (2048K)
 Metaspace       used 27767K, capacity 28035K, committed 28284K, reserved 1075200K
  class space    used 3127K, capacity 3237K, committed 3276K, reserved 1048576K
}
Event: 2.870 GC heap after
{Heap after GC invocations=8 (full 0):
 garbage-first heap   total 40960K, used 10583K [0x0000000764400000, 0x0000000800000000)
  region size 2048K, 2 young (4096K), 2 survivors (4096K)
 Metaspace       used 27767K, capacity 28035K, committed 28284K, reserved 1075200K
  class space    used 3127K, capacity 3237K, committed 3276K, reserved 1048576K
}
Event: 3.236 GC heap before
{Heap before GC invocations=8 (full 0):
 garbage-first heap   total 40960K, used 26967K [0x0000000764400000, 0x0000000800000000)
  region size 2048K, 10 young (20480K), 2 survivors (4096K)
 Metaspace       used 29731K, capacity 30067K, committed 30332K, reserved 1077248K
  class space    used 3363K, capacity 3480K, committed 3532K, reserved 1048576K
}
Event: 3.244 GC heap after
{Heap after GC invocations=9 (full 0):
 garbage-first heap   total 40960K, used 11106K [0x0000000764400000, 0x0000000800000000)
  region size 2048K, 1 young (2048K), 1 survivors (2048K)
 Metaspace       used 29731K, capacity 30067K, committed 30332K, reserved 1077248K
  class space    used 3363K, capacity 3480K, committed 3532K, reserved 1048576K
}
Event: 3.775 GC heap before
{Heap before GC invocations=9 (full 0):
 garbage-first heap   total 40960K, used 27490K [0x0000000764400000, 0x0000000800000000)
  region size 2048K, 9 young (18432K), 1 survivors (2048K)
 Metaspace       used 32463K, capacity 32775K, committed 33020K, reserved 1079296K
  class space    used 3730K, capacity 3805K, committed 3916K, reserved 1048576K
}
Event: 3.781 GC heap after
{Heap after GC invocations=10 (full 0):
 garbage-first heap   total 49152K, used 12532K [0x0000000764400000, 0x0000000800000000)
  region size 2048K, 2 young (4096K), 2 survivors (4096K)
 Metaspace       used 32463K, capacity 32775K, committed 33020K, reserved 1079296K
  class space    used 3730K, capacity 3805K, committed 3916K, reserved 1048576K
}
Event: 4.304 GC heap before
{Heap before GC invocations=10 (full 0):
 garbage-first heap   total 49152K, used 26868K [0x0000000764400000, 0x0000000800000000)
  region size 2048K, 10 young (20480K), 2 survivors (4096K)
 Metaspace       used 35620K, capacity 35916K, committed 35964K, reserved 1081344K
  class space    used 4160K, capacity 4269K, committed 4300K, reserved 1048576K
}
Event: 4.317 GC heap after
{Heap after GC invocations=11 (full 0):
 garbage-first heap   total 49152K, used 14150K [0x0000000764400000, 0x0000000800000000)
  region size 2048K, 2 young (4096K), 2 survivors (4096K)
 Metaspace       used 35620K, capacity 35916K, committed 35964K, reserved 1081344K
  class space    used 4160K, capacity 4269K, committed 4300K, reserved 1048576K
}
Event: 4.574 GC heap before
{Heap before GC invocations=12 (full 0):
 garbage-first heap   total 49152K, used 30534K [0x0000000764400000, 0x0000000800000000)
  region size 2048K, 11 young (22528K), 2 survivors (4096K)
 Metaspace       used 37249K, capacity 37645K, committed 37756K, reserved 1083392K
  class space    used 4316K, capacity 4461K, committed 4556K, reserved 1048576K
}
Event: 4.586 GC heap after
{Heap after GC invocations=13 (full 0):
 garbage-first heap   total 49152K, used 15262K [0x0000000764400000, 0x0000000800000000)
  region size 2048K, 2 young (4096K), 2 survivors (4096K)
 Metaspace       used 37249K, capacity 37645K, committed 37756K, reserved 1083392K
  class space    used 4316K, capacity 4461K, committed 4556K, reserved 1048576K
}
Event: 4.594 GC heap before
{Heap before GC invocations=13 (full 0):
 garbage-first heap   total 49152K, used 31646K [0x0000000764400000, 0x0000000800000000)
  region size 2048K, 11 young (22528K), 2 survivors (4096K)
 Metaspace       used 37249K, capacity 37645K, committed 37756K, reserved 1083392K
  class space    used 4316K, capacity 4461K, committed 4556K, reserved 1048576K
}
Event: 4.604 GC heap after
{Heap after GC invocations=14 (full 0):
 garbage-first heap   total 49152K, used 15343K [0x0000000764400000, 0x0000000800000000)
  region size 2048K, 1 young (2048K), 1 survivors (2048K)
 Metaspace       used 37249K, capacity 37645K, committed 37756K, reserved 1083392K
  class space    used 4316K, capacity 4461K, committed 4556K, reserved 1048576K
}
Event: 4.963 GC heap before
{Heap before GC invocations=14 (full 0):
 garbage-first heap   total 49152K, used 33775K [0x0000000764400000, 0x0000000800000000)
  region size 2048K, 11 young (22528K), 1 survivors (2048K)
 Metaspace       used 38904K, capacity 39293K, committed 39548K, reserved 1083392K
  class space    used 4529K, capacity 4689K, committed 4812K, reserved 1048576K
}
Event: 4.965 GC heap after
{Heap after GC invocations=15 (full 0):
 garbage-first heap   total 61440K, used 15798K [0x0000000764400000, 0x0000000800000000)
  region size 2048K, 1 young (2048K), 1 survivors (2048K)
 Metaspace       used 38904K, capacity 39293K, committed 39548K, reserved 1083392K
  class space    used 4529K, capacity 4689K, committed 4812K, reserved 1048576K
}
Event: 5.696 GC heap before
{Heap before GC invocations=15 (full 0):
 garbage-first heap   total 61440K, used 44470K [0x0000000764400000, 0x0000000800000000)
  region size 2048K, 16 young (32768K), 1 survivors (2048K)
 Metaspace       used 47247K, capacity 47596K, committed 47868K, reserved 1091584K
  class space    used 5453K, capacity 5597K, committed 5708K, reserved 1048576K
}
Event: 5.700 GC heap after
{Heap after GC invocations=16 (full 0):
 garbage-first heap   total 61440K, used 18685K [0x0000000764400000, 0x0000000800000000)
  region size 2048K, 2 young (4096K), 2 survivors (4096K)
 Metaspace       used 47247K, capacity 47596K, committed 47868K, reserved 1091584K
  class space    used 5453K, capacity 5597K, committed 5708K, reserved 1048576K
}
Event: 5.881 GC heap before
{Heap before GC invocations=16 (full 0):
 garbage-first heap   total 61440K, used 43261K [0x0000000764400000, 0x0000000800000000)
  region size 2048K, 14 young (28672K), 2 survivors (4096K)
 Metaspace       used 48797K, capacity 49182K, committed 49404K, reserved 1093632K
  class space    used 5714K, capacity 5888K, committed 5964K, reserved 1048576K
}
Event: 5.884 GC heap after
{Heap after GC invocations=17 (full 0):
 garbage-first heap   total 61440K, used 19468K [0x0000000764400000, 0x0000000800000000)
  region size 2048K, 1 young (2048K), 1 survivors (2048K)
 Metaspace       used 48797K, capacity 49182K, committed 49404K, reserved 1093632K
  class space    used 5714K, capacity 5888K, committed 5964K, reserved 1048576K
}

