# JRE version: OpenJDK Runtime Environment (15.0.2+7) (build 15.0.2+7-27)
# Java VM: OpenJDK 64-Bit Server VM (15.0.2+7-27, mixed mode, tiered, compressed oops, g1 gc, windows-amd64)
GC Precious Log:
 CPUs: 8 total, 8 available
 Memory: 9960M
 Large Page Support: Disabled
 NUMA Support: Disabled
 Compressed Oops: Enabled (Zero based)
 Heap Region Size: 2M
 Heap Min Capacity: 8M
 Heap Initial Capacity: 156M
 Heap Max Capacity: 2492M
 Pre-touch: Disabled
 Parallel Workers: 8
 Concurrent Workers: 2
 Concurrent Refinement Workers: 8
 Periodic GC: Disabled
Heap:
 garbage-first heap   total 71680K, used 29577K [0x0000000764400000, 0x0000000800000000)
  region size 2048K, 2 young (4096K), 2 survivors (4096K)
 Metaspace       used 71335K, capacity 71874K, committed 71976K, reserved 1120256K
  class space    used 8733K, capacity 8947K, committed 9048K, reserved 1048576K
GC Heap History (20 events):
Event: 3.521 GC heap before
{Heap before GC invocations=10 (full 0):
 garbage-first heap   total 49152K, used 19927K [0x0000000764400000, 0x0000000800000000)
  region size 2048K, 6 young (12288K), 2 survivors (4096K)
 Metaspace       used 35609K, capacity 35922K, committed 36048K, reserved 1081344K
  class space    used 4165K, capacity 4270K, committed 4352K, reserved 1048576K
}
Event: 3.529 GC heap after
{Heap after GC invocations=11 (full 0):
 garbage-first heap   total 49152K, used 14621K [0x0000000764400000, 0x0000000800000000)
  region size 2048K, 1 young (2048K), 1 survivors (2048K)
 Metaspace       used 35609K, capacity 35922K, committed 36048K, reserved 1081344K
  class space    used 4165K, capacity 4270K, committed 4352K, reserved 1048576K
}
Event: 3.661 GC heap before
{Heap before GC invocations=12 (full 0):
 garbage-first heap   total 49152K, used 31005K [0x0000000764400000, 0x0000000800000000)
  region size 2048K, 10 young (20480K), 1 survivors (2048K)
 Metaspace       used 37318K, capacity 37715K, committed 37968K, reserved 1083392K
  class space    used 4329K, capacity 4462K, committed 4480K, reserved 1048576K
}
Event: 3.665 GC heap after
{Heap after GC invocations=13 (full 0):
 garbage-first heap   total 59392K, used 15313K [0x0000000764400000, 0x0000000800000000)
  region size 2048K, 1 young (2048K), 1 survivors (2048K)
 Metaspace       used 37318K, capacity 37715K, committed 37968K, reserved 1083392K
  class space    used 4329K, capacity 4462K, committed 4480K, reserved 1048576K
}
Event: 3.686 GC heap before
{Heap before GC invocations=13 (full 0):
 garbage-first heap   total 59392K, used 39889K [0x0000000764400000, 0x0000000800000000)
  region size 2048K, 14 young (28672K), 1 survivors (2048K)
 Metaspace       used 37326K, capacity 37715K, committed 37968K, reserved 1083392K
  class space    used 4329K, capacity 4462K, committed 4480K, reserved 1048576K
}
Event: 3.689 GC heap after
{Heap after GC invocations=14 (full 0):
 garbage-first heap   total 59392K, used 15213K [0x0000000764400000, 0x0000000800000000)
  region size 2048K, 1 young (2048K), 1 survivors (2048K)
 Metaspace       used 37326K, capacity 37715K, committed 37968K, reserved 1083392K
  class space    used 4329K, capacity 4462K, committed 4480K, reserved 1048576K
}
Event: 4.357 GC heap before
{Heap before GC invocations=14 (full 0):
 garbage-first heap   total 59392K, used 45933K [0x0000000764400000, 0x0000000800000000)
  region size 2048K, 16 young (32768K), 1 survivors (2048K)
 Metaspace       used 45281K, capacity 45699K, committed 45776K, reserved 1089536K
  class space    used 5245K, capacity 5371K, committed 5376K, reserved 1048576K
}
Event: 4.361 GC heap after
{Heap after GC invocations=15 (full 0):
 garbage-first heap   total 59392K, used 18312K [0x0000000764400000, 0x0000000800000000)
  region size 2048K, 2 young (4096K), 2 survivors (4096K)
 Metaspace       used 45281K, capacity 45699K, committed 45776K, reserved 1089536K
  class space    used 5245K, capacity 5371K, committed 5376K, reserved 1048576K
}
Event: 4.630 GC heap before
{Heap before GC invocations=15 (full 0):
 garbage-first heap   total 59392K, used 44936K [0x0000000764400000, 0x0000000800000000)
  region size 2048K, 15 young (30720K), 2 survivors (4096K)
 Metaspace       used 48549K, capacity 48952K, committed 49104K, reserved 1093632K
  class space    used 5690K, capacity 5855K, committed 5888K, reserved 1048576K
}
Event: 4.634 GC heap after
{Heap after GC invocations=16 (full 0):
 garbage-first heap   total 59392K, used 19322K [0x0000000764400000, 0x0000000800000000)
  region size 2048K, 1 young (2048K), 1 survivors (2048K)
 Metaspace       used 48549K, capacity 48952K, committed 49104K, reserved 1093632K
  class space    used 5690K, capacity 5855K, committed 5888K, reserved 1048576K
}
Event: 4.800 GC heap before
{Heap before GC invocations=16 (full 0):
 garbage-first heap   total 59392K, used 43898K [0x0000000764400000, 0x0000000800000000)
  region size 2048K, 13 young (26624K), 1 survivors (2048K)
 Metaspace       used 50598K, capacity 50983K, committed 51280K, reserved 1093632K
  class space    used 6051K, capacity 6210K, committed 6272K, reserved 1048576K
}
Event: 4.802 GC heap after
{Heap after GC invocations=17 (full 0):
 garbage-first heap   total 71680K, used 19746K [0x0000000764400000, 0x0000000800000000)
  region size 2048K, 1 young (2048K), 1 survivors (2048K)
 Metaspace       used 50598K, capacity 50983K, committed 51280K, reserved 1093632K
  class space    used 6051K, capacity 6210K, committed 6272K, reserved 1048576K
}
Event: 5.488 GC heap before
{Heap before GC invocations=17 (full 0):
 garbage-first heap   total 71680K, used 54562K [0x0000000764400000, 0x0000000800000000)
  region size 2048K, 18 young (36864K), 1 survivors (2048K)
 Metaspace       used 58386K, capacity 58856K, committed 59088K, reserved 1101824K
  class space    used 7174K, capacity 7336K, committed 7424K, reserved 1048576K
}
Event: 5.491 GC heap after
{Heap after GC invocations=18 (full 0):
 garbage-first heap   total 71680K, used 21611K [0x0000000764400000, 0x0000000800000000)
  region size 2048K, 2 young (4096K), 2 survivors (4096K)
 Metaspace       used 58386K, capacity 58856K, committed 59088K, reserved 1101824K
  class space    used 7174K, capacity 7336K, committed 7424K, reserved 1048576K
}
Event: 5.742 GC heap before
{Heap before GC invocations=18 (full 0):
 garbage-first heap   total 71680K, used 37995K [0x0000000764400000, 0x0000000800000000)
  region size 2048K, 11 young (22528K), 2 survivors (4096K)
 Metaspace       used 60030K, capacity 60405K, committed 60496K, reserved 1101824K
  class space    used 7367K, capacity 7508K, committed 7552K, reserved 1048576K
}
Event: 5.746 GC heap after
{Heap after GC invocations=19 (full 0):
 garbage-first heap   total 71680K, used 22167K [0x0000000764400000, 0x0000000800000000)
  region size 2048K, 2 young (4096K), 2 survivors (4096K)
 Metaspace       used 60030K, capacity 60405K, committed 60496K, reserved 1101824K
  class space    used 7367K, capacity 7508K, committed 7552K, reserved 1048576K
}
Event: 6.293 GC heap before
{Heap before GC invocations=20 (full 0):
 garbage-first heap   total 71680K, used 50839K [0x0000000764400000, 0x0000000800000000)
  region size 2048K, 17 young (34816K), 2 survivors (4096K)
 Metaspace       used 64850K, capacity 65326K, committed 65576K, reserved 1105920K
  class space    used 7973K, capacity 8159K, committed 8280K, reserved 1048576K
}
Event: 6.300 GC heap after
{Heap after GC invocations=21 (full 0):
 garbage-first heap   total 71680K, used 24948K [0x0000000764400000, 0x0000000800000000)
  region size 2048K, 3 young (6144K), 3 survivors (6144K)
 Metaspace       used 64850K, capacity 65326K, committed 65576K, reserved 1105920K
  class space    used 7973K, capacity 8159K, committed 8280K, reserved 1048576K
}
Event: 7.011 GC heap before
{Heap before GC invocations=22 (full 0):
 garbage-first heap   total 71680K, used 53620K [0x0000000764400000, 0x0000000800000000)
  region size 2048K, 17 young (34816K), 3 survivors (6144K)
 Metaspace       used 67716K, capacity 68224K, committed 68392K, reserved 1110016K
  class space    used 8304K, capacity 8486K, committed 8536K, reserved 1048576K
}
Event: 7.018 GC heap after
{Heap after GC invocations=23 (full 0):
 garbage-first heap   total 71680K, used 27840K [0x0000000764400000, 0x0000000800000000)
  region size 2048K, 3 young (6144K), 3 survivors (6144K)
 Metaspace       used 67716K, capacity 68224K, committed 68392K, reserved 1110016K
  class space    used 8304K, capacity 8486K, committed 8536K, reserved 1048576K
}

